<?xml version="1.0" encoding="UTF-8"?>
<!-- Generated by org.testng.reporters.JUnitReportReporter -->
<testsuite hostname="LTIN282895" failures="0" tests="4" name="testCases.BeCognizant" time="91.601" errors="0" timestamp="2024-02-28T14:55:34 IST" skipped="0">
  <testcase classname="testCases.BeCognizant" name="getInfo" time="33.134"/>
  <testcase classname="testCases.BeCognizant" name="getInfo" time="37.743"/>
  <testcase classname="testCases.BeCognizant" name="verifyOneCogni" time="10.263"/>
  <testcase classname="testCases.BeCognizant" name="verifyOneCogni" time="10.461"/>
</testsuite> <!-- testCases.BeCognizant -->
