<?xml version="1.0" encoding="UTF-8"?>
<!-- Generated by org.testng.reporters.JUnitReportReporter -->
<testsuite hostname="LTIN282895" failures="0" tests="10" name="testCases.TruTime" time="2.078" errors="0" timestamp="2024-02-28T14:55:34 IST" skipped="0">
  <testcase classname="testCases.TruTime" name="validateCurrentMonthAndYear" time="0.096"/>
  <testcase classname="testCases.TruTime" name="validateCurrentMonthAndYear" time="0.104"/>
  <testcase classname="testCases.TruTime" name="validateBackDatedTopUp" time="0.056"/>
  <testcase classname="testCases.TruTime" name="validateBackDatedTopUp" time="0.048"/>
  <testcase classname="testCases.TruTime" name="printLegends" time="0.683"/>
  <testcase classname="testCases.TruTime" name="printLegends" time="0.652"/>
  <testcase classname="testCases.TruTime" name="validateCurrentHighlightedDate" time="0.047"/>
  <testcase classname="testCases.TruTime" name="validateCurrentHighlightedDate" time="0.051"/>
  <testcase classname="testCases.TruTime" name="validateTruTimeDates" time="0.180"/>
  <testcase classname="testCases.TruTime" name="validateTruTimeDates" time="0.161"/>
</testsuite> <!-- testCases.TruTime -->
