<?xml version="1.0" encoding="UTF-8"?>
<!-- Generated by org.testng.reporters.JUnitReportReporter -->
<testsuite hostname="LTIN282895" failures="0" tests="4" name="testCases.OneCognizant" time="75.001" errors="0" timestamp="2024-02-28T14:55:34 IST" skipped="0">
  <testcase classname="testCases.OneCognizant" name="searchTruTime" time="19.705"/>
  <testcase classname="testCases.OneCognizant" name="searchTruTime" time="30.602"/>
  <testcase classname="testCases.OneCognizant" name="validateTruTimePage" time="14.527"/>
  <testcase classname="testCases.OneCognizant" name="validateTruTimePage" time="10.167"/>
</testsuite> <!-- testCases.OneCognizant -->
