<?xml version="1.0" encoding="UTF-8"?>
<!-- Generated by org.testng.reporters.JUnitReportReporter -->
<testsuite hostname="LTIN282895" failures="0" tests="2" name="TestCases.Tc_001_UpComingBikes" time="152.168" errors="0" timestamp="2024-02-29T11:42:44 IST" skipped="0">
  <testcase classname="TestCases.Tc_001_UpComingBikes" name="upComingBikeValidation" time="0.148"/>
  <testcase classname="TestCases.Tc_001_UpComingBikes" name="manufactorsHonda" time="152.020"/>
</testsuite> <!-- TestCases.Tc_001_UpComingBikes -->
