<?xml version="1.0" encoding="UTF-8"?>
<!-- Generated by org.testng.reporters.JUnitReportReporter -->
<testsuite hostname="LTIN282895" failures="0" tests="2" name="TestCase.TC003_GoogleLogin" time="14.976" errors="0" timestamp="2024-03-19T10:19:16 IST" skipped="0">
  <testcase classname="TestCase.TC003_GoogleLogin" name="verifyLoginPage" time="10.901"/>
  <testcase classname="TestCase.TC003_GoogleLogin" name="verifyLoginPage" time="4.075"/>
</testsuite> <!-- TestCase.TC003_GoogleLogin -->
