<?xml version="1.0" encoding="UTF-8"?>
<!-- Generated by org.testng.reporters.JUnitReportReporter -->
<testsuite hostname="LTIN282895" failures="0" tests="2" name="TestCase.TC002_UsedCarsDetails" time="37.237" errors="0" timestamp="2024-03-19T10:19:16 IST" skipped="0">
  <testcase classname="TestCase.TC002_UsedCarsDetails" name="UsedCarDetails" time="17.100"/>
  <testcase classname="TestCase.TC002_UsedCarsDetails" name="UsedCarDetails" time="20.137"/>
</testsuite> <!-- TestCase.TC002_UsedCarsDetails -->
