<?xml version="1.0" encoding="UTF-8"?>
<!-- Generated by org.testng.reporters.JUnitReportReporter -->
<testsuite hostname="LTIN282895" failures="0" tests="4" name="TestCase.TC001_UpBikeDetails" time="48.076" errors="0" timestamp="2024-03-19T10:19:16 IST" skipped="0">
  <testcase classname="TestCase.TC001_UpBikeDetails" name="clickNewBikes" time="4.998"/>
  <testcase classname="TestCase.TC001_UpBikeDetails" name="clickNewBikes" time="6.468"/>
  <testcase classname="TestCase.TC001_UpBikeDetails" name="clickUpcomingBikes" time="20.430"/>
  <testcase classname="TestCase.TC001_UpBikeDetails" name="clickUpcomingBikes" time="16.180"/>
</testsuite> <!-- TestCase.TC001_UpBikeDetails -->
