<?xml version="1.0" encoding="UTF-8"?>
<!-- Generated by org.testng.reporters.JUnitReportReporter -->
<testsuite hostname="LTIN282895" failures="0" tests="2" name="TestCase.TC004_GoogleSignup" time="15.759" errors="0" timestamp="2024-03-19T10:19:16 IST" skipped="0">
  <testcase classname="TestCase.TC004_GoogleSignup" name="verifyLoginPage" time="8.064"/>
  <testcase classname="TestCase.TC004_GoogleSignup" name="verifyLoginPage" time="7.695"/>
</testsuite> <!-- TestCase.TC004_GoogleSignup -->
