<?xml version="1.0" encoding="UTF-8"?>
<!-- Generated by org.testng.reporters.JUnitReportReporter -->
<testsuite hostname="LTIN176351" failures="0" tests="2" name="testCases.TC_001" time="112.211" errors="0" timestamp="2024-03-01T16:37:01 IST" skipped="0">
  <testcase classname="testCases.TC_001" name="test1" time="53.796"/>
  <system-out/>
  <testcase classname="testCases.TC_001" name="test1" time="58.415"/>
  <system-out/>
</testsuite> <!-- testCases.TC_001 -->
