<?xml version="1.0" encoding="UTF-8"?>
<!-- Generated by org.testng.reporters.JUnitReportReporter -->
<testsuite hostname="LTIN176351" failures="0" tests="2" name="testCases.TC_003" time="28.954" errors="0" timestamp="2024-03-01T16:37:01 IST" skipped="0">
  <testcase classname="testCases.TC_003" name="test3" time="14.894"/>
  <system-out/>
  <testcase classname="testCases.TC_003" name="test3" time="14.060"/>
  <system-out/>
</testsuite> <!-- testCases.TC_003 -->
