<?xml version="1.0" encoding="UTF-8"?>
<!-- Generated by org.testng.reporters.JUnitReportReporter -->
<testsuite hostname="LTIN176351" failures="0" tests="2" name="testCases.TC_002" time="48.040" errors="0" timestamp="2024-03-01T16:37:01 IST" skipped="0">
  <testcase classname="testCases.TC_002" name="test2" time="24.571"/>
  <system-out/>
  <testcase classname="testCases.TC_002" name="test2" time="23.469"/>
  <system-out/>
</testsuite> <!-- testCases.TC_002 -->
